<?xml version="1.0" encoding="UTF-8"?>
<testsuite xmlns:xsi="http://www.w3.org/2001/XMLSchema-instance" xsi:noNamespaceSchemaLocation="https://maven.apache.org/surefire/maven-surefire-plugin/xsd/surefire-test-report.xsd" version="3.0.2" name="br.com.invest.investControl.InvestControlApplicationTests" time="1.532" tests="1" errors="0" skipped="0" failures="0">
  <properties>
[...]
</properties>
  <testcase name="contextLoads" classname="br.com.invest.investControl.InvestControlApplicationTests" time="0.379">
    <system-out><![CDATA[21:21:17.084 [main] INFO org.springframework.test.context.support.AnnotationConfigContextLoaderUtils -- Could not detect default configuration classes for test class [br.com.invest.investControl.InvestControlApplicationTests]: InvestControlApplicationTests does not declare any static, non-private, non-final, nested classes annotated with @Configuration.
21:21:17.158 [main] INFO org.springframework.boot.test.context.SpringBootTestContextBootstrapper -- Found @SpringBootConfiguration br.com.invest.investControl.InvestControlApplication for test class br.com.invest.investControl.InvestControlApplicationTests

  .   ____          _            __ _ _
 /\\ / ___'_ __ _ _(_)_ __  __ _ \ \ \ \
( ( )\___ | '_ | '_| | '_ \/ _` | \ \ \ \
 \\/  ___)| |_)| | | | | || (_| |  ) ) ) )
  '  |____| .__|_| |_|_| |_\__, | / / / /
 =========|_|==============|___/=/_/_/_/

 :: Spring Boot ::                (v3.4.4)

2026-03-09T21:21:17.426-03:00  INFO 26620 --- [investControl] [           main] b.c.i.i.InvestControlApplicationTests    : Starting InvestControlApplicationTests using Java 25.0.1 with PID 26620 (started by jr_so in C:\Jr\AWS_Solut_Arch\investControl\investControl)
2026-03-09T21:21:17.427-03:00  INFO 26620 --- [investControl] [           main] b.c.i.i.InvestControlApplicationTests    : No active profile set, falling back to 1 default profile: "default"
2026-03-09T21:21:18.147-03:00  INFO 26620 --- [investControl] [           main] b.c.i.i.InvestControlApplicationTests    : Started InvestControlApplicationTests in 0.895 seconds (process running for 1.497)
]]></system-out>
    <system-err><![CDATA[Mockito is currently self-attaching to enable the inline-mock-maker. This will no longer work in future releases of the JDK. Please add Mockito as an agent to your build what is described in Mockito's documentation: https://javadoc.io/doc/org.mockito/mockito-core/latest/org/mockito/Mockito.html#0.3
WARNING: A Java agent has been loaded dynamically (C:\Users\jr_so\.m2\repository\net\bytebuddy\byte-buddy-agent\1.15.11\byte-buddy-agent-1.15.11.jar)
WARNING: If a serviceability tool is in use, please run with -XX:+EnableDynamicAgentLoading to hide this warning
WARNING: If a serviceability tool is not in use, please run with -Djdk.instrument.traceUsage for more information
WARNING: Dynamic loading of agents will be disallowed by default in a future release
]]></system-err>
  </testcase>
</testsuite>